0 info it worked if it ends with ok
1 verbose cli [ 'C:\\Program Files\\nodejs\\node.exe',
1 verbose cli   'C:\\Users\\Richard\\AppData\\Roaming\\npm\\node_modules\\npm\\bin\\npm-cli.js',
1 verbose cli   'start' ]
2 info using npm@3.10.5
3 info using node@v4.4.5
4 verbose run-script [ 'prestart', 'start', 'poststart' ]
5 info lifecycle MainSite@0.0.0~prestart: MainSite@0.0.0
6 silly lifecycle MainSite@0.0.0~prestart: no script for prestart, continuing
7 info lifecycle MainSite@0.0.0~start: MainSite@0.0.0
8 verbose lifecycle MainSite@0.0.0~start: unsafe-perm in lifecycle true
9 verbose lifecycle MainSite@0.0.0~start: PATH: C:\Users\Richard\AppData\Roaming\npm\node_modules\npm\bin\node-gyp-bin;C:\Users\Richard\Desktop\BachelorProgramms\BachelorWork_Security_TacticsApp_2\node_modules\.bin;C:\Program Files\nodejs;C:\ProgramData\Oracle\Java\javapath;C:\Windows\system32;C:\Windows;C:\Windows\System32\Wbem;C:\Windows\System32\WindowsPowerShell\v1.0\;C:\Program Files (x86)\NVIDIA Corporation\PhysX\Common;C:\Program Files (x86)\Skype\Phone\;C:\Program Files\apache-ant-1.9.6\bin;C:\Program Files\Java\jdk1.8.0_60;C:\Program Files (x86)\MiKTeX 2.9\miktex\bin\;C:\Maven\bin;C:\WINDOWS\system32;C:\WINDOWS;C:\WINDOWS\System32\Wbem;C:\WINDOWS\System32\WindowsPowerShell\v1.0\;%GW_HOME%\bin;C:\Program Files\nodejs\;C:\Program Files\Git\cmd;C:\Program Files\MongoDB\Server\3.2\bin;C:\Users\Richard\AppData\Roaming\npm;C:\Program Files\MongoDB\Server\3.2\bin
10 verbose lifecycle MainSite@0.0.0~start: CWD: C:\Users\Richard\Desktop\BachelorProgramms\BachelorWork_Security_TacticsApp_2
11 silly lifecycle MainSite@0.0.0~start: Args: [ '/d /s /c', 'node ./out/bin/server' ]
12 silly lifecycle MainSite@0.0.0~start: Returned: code: 1  signal: null
13 info lifecycle MainSite@0.0.0~start: Failed to exec start script
14 verbose stack Error: MainSite@0.0.0 start: `node ./out/bin/server`
14 verbose stack Exit status 1
14 verbose stack     at EventEmitter.<anonymous> (C:\Users\Richard\AppData\Roaming\npm\node_modules\npm\lib\utils\lifecycle.js:242:16)
14 verbose stack     at emitTwo (events.js:87:13)
14 verbose stack     at EventEmitter.emit (events.js:172:7)
14 verbose stack     at ChildProcess.<anonymous> (C:\Users\Richard\AppData\Roaming\npm\node_modules\npm\lib\utils\spawn.js:40:14)
14 verbose stack     at emitTwo (events.js:87:13)
14 verbose stack     at ChildProcess.emit (events.js:172:7)
14 verbose stack     at maybeClose (internal/child_process.js:827:16)
14 verbose stack     at Process.ChildProcess._handle.onexit (internal/child_process.js:211:5)
15 verbose pkgid MainSite@0.0.0
16 verbose cwd C:\Users\Richard\Desktop\BachelorProgramms\BachelorWork_Security_TacticsApp_2\src\bin
17 error Windows_NT 10.0.10586
18 error argv "C:\\Program Files\\nodejs\\node.exe" "C:\\Users\\Richard\\AppData\\Roaming\\npm\\node_modules\\npm\\bin\\npm-cli.js" "start"
19 error node v4.4.5
20 error npm  v3.10.5
21 error code ELIFECYCLE
22 error MainSite@0.0.0 start: `node ./out/bin/server`
22 error Exit status 1
23 error Failed at the MainSite@0.0.0 start script 'node ./out/bin/server'.
23 error Make sure you have the latest version of node.js and npm installed.
23 error If you do, this is most likely a problem with the MainSite package,
23 error not with npm itself.
23 error Tell the author that this fails on your system:
23 error     node ./out/bin/server
23 error You can get information on how to open an issue for this project with:
23 error     npm bugs MainSite
23 error Or if that isn't available, you can get their info via:
23 error     npm owner ls MainSite
23 error There is likely additional logging output above.
24 verbose exit [ 1, true ]
